{
  "RSpec": {
    "coverage": {
      "C:/Sites/my_app/app/helpers/application_helper.rb": [
        1,
        null
      ],
      "C:/Sites/my_app/app/helpers/authors_helper.rb": [
        1,
        null
      ],
      "C:/Sites/my_app/app/helpers/books_helper.rb": [
        1,
        null
      ],
      "C:/Sites/my_app/app/helpers/libraries_helper.rb": [
        1,
        null
      ],
      "C:/Sites/my_app/app/helpers/static_page_helper.rb": [
        1,
        null
      ],
      "C:/Sites/my_app/app/helpers/static_pages_helper.rb": [
        1,
        null
      ],
      "C:/Sites/my_app/app/helpers/staticpage_helper.rb": [
        1,
        null
      ],
      "C:/Sites/my_app/app/models/user.rb": [
        1,
        1,
        1,
        null,
        1,
        1,
        1,
        null,
        null,
        null
      ]
    },
    "timestamp": 1405294975
  }
}
